INFO  [pool-3-thread-1] 2021-05-08 05:42:27,291 repast.simphony.batch.ssh.LocalDonePoller - Polled C:\Users\kbc7vn\AppData\Local\Temp\simphony_model_1620421984506 for DONE:  no
INFO  [pool-3-thread-1] 2021-05-08 05:43:27,322 repast.simphony.batch.ssh.LocalDonePoller - Polled C:\Users\kbc7vn\AppData\Local\Temp\simphony_model_1620421984506 for DONE:  no
INFO  [pool-3-thread-1] 2021-05-08 05:44:27,358 repast.simphony.batch.ssh.LocalDonePoller - Polled C:\Users\kbc7vn\AppData\Local\Temp\simphony_model_1620421984506 for DONE:  no
INFO  [pool-3-thread-1] 2021-05-08 05:45:27,396 repast.simphony.batch.ssh.LocalDonePoller - Polled C:\Users\kbc7vn\AppData\Local\Temp\simphony_model_1620421984506 for DONE:  no
INFO  [pool-3-thread-1] 2021-05-08 05:46:27,421 repast.simphony.batch.ssh.LocalDonePoller - Polled C:\Users\kbc7vn\AppData\Local\Temp\simphony_model_1620421984506 for DONE:  no
INFO  [pool-3-thread-1] 2021-05-08 05:47:27,449 repast.simphony.batch.ssh.LocalDonePoller - Polled C:\Users\kbc7vn\AppData\Local\Temp\simphony_model_1620421984506 for DONE:  no
INFO  [pool-3-thread-1] 2021-05-08 05:48:27,472 repast.simphony.batch.ssh.LocalDonePoller - Polled C:\Users\kbc7vn\AppData\Local\Temp\simphony_model_1620421984506 for DONE:  no
INFO  [pool-3-thread-1] 2021-05-08 05:49:27,488 repast.simphony.batch.ssh.LocalDonePoller - Polled C:\Users\kbc7vn\AppData\Local\Temp\simphony_model_1620421984506 for DONE:  no
INFO  [pool-3-thread-1] 2021-05-08 05:50:27,529 repast.simphony.batch.ssh.LocalDonePoller - Polled C:\Users\kbc7vn\AppData\Local\Temp\simphony_model_1620421984506 for DONE:  no
INFO  [pool-3-thread-1] 2021-05-08 05:51:27,547 repast.simphony.batch.ssh.LocalDonePoller - Polled C:\Users\kbc7vn\AppData\Local\Temp\simphony_model_1620421984506 for DONE:  no
INFO  [pool-3-thread-1] 2021-05-08 05:52:27,575 repast.simphony.batch.ssh.LocalDonePoller - Polled C:\Users\kbc7vn\AppData\Local\Temp\simphony_model_1620421984506 for DONE:  no
INFO  [pool-3-thread-1] 2021-05-08 05:53:27,589 repast.simphony.batch.ssh.LocalDonePoller - Polled C:\Users\kbc7vn\AppData\Local\Temp\simphony_model_1620421984506 for DONE:  no
INFO  [pool-3-thread-1] 2021-05-08 05:54:27,609 repast.simphony.batch.ssh.LocalDonePoller - Polled C:\Users\kbc7vn\AppData\Local\Temp\simphony_model_1620421984506 for DONE:  no
INFO  [pool-3-thread-1] 2021-05-08 05:55:27,622 repast.simphony.batch.ssh.LocalDonePoller - Polled C:\Users\kbc7vn\AppData\Local\Temp\simphony_model_1620421984506 for DONE:  no
INFO  [pool-3-thread-1] 2021-05-08 05:56:27,653 repast.simphony.batch.ssh.LocalDonePoller - Polled C:\Users\kbc7vn\AppData\Local\Temp\simphony_model_1620421984506 for DONE:  no
INFO  [pool-3-thread-1] 2021-05-08 05:57:27,678 repast.simphony.batch.ssh.LocalDonePoller - Polled C:\Users\kbc7vn\AppData\Local\Temp\simphony_model_1620421984506 for DONE:  no
INFO  [pool-3-thread-1] 2021-05-08 05:58:27,705 repast.simphony.batch.ssh.LocalDonePoller - Polled C:\Users\kbc7vn\AppData\Local\Temp\simphony_model_1620421984506 for DONE:  no
INFO  [pool-3-thread-1] 2021-05-08 05:59:27,727 repast.simphony.batch.ssh.LocalDonePoller - Polled C:\Users\kbc7vn\AppData\Local\Temp\simphony_model_1620421984506 for DONE:  no
INFO  [pool-3-thread-1] 2021-05-08 06:00:27,750 repast.simphony.batch.ssh.LocalDonePoller - Polled C:\Users\kbc7vn\AppData\Local\Temp\simphony_model_1620421984506 for DONE:  no
INFO  [pool-3-thread-1] 2021-05-08 06:01:27,771 repast.simphony.batch.ssh.LocalDonePoller - Polled C:\Users\kbc7vn\AppData\Local\Temp\simphony_model_1620421984506 for DONE:  no
INFO  [pool-3-thread-1] 2021-05-08 06:02:27,801 repast.simphony.batch.ssh.LocalDonePoller - Polled C:\Users\kbc7vn\AppData\Local\Temp\simphony_model_1620421984506 for DONE:  no
INFO  [pool-3-thread-1] 2021-05-08 06:03:51,360 repast.simphony.batch.ssh.LocalDonePoller - Polled C:\Users\kbc7vn\AppData\Local\Temp\simphony_model_1620421984506 for DONE:  no
INFO  [pool-3-thread-1] 2021-05-08 06:04:51,375 repast.simphony.batch.ssh.LocalDonePoller - Polled C:\Users\kbc7vn\AppData\Local\Temp\simphony_model_1620421984506 for DONE:  no
INFO  [pool-3-thread-1] 2021-05-08 06:05:51,402 repast.simphony.batch.ssh.LocalDonePoller - Polled C:\Users\kbc7vn\AppData\Local\Temp\simphony_model_1620421984506 for DONE:  no
INFO  [pool-3-thread-1] 2021-05-08 06:06:51,410 repast.simphony.batch.ssh.LocalDonePoller - Polled C:\Users\kbc7vn\AppData\Local\Temp\simphony_model_1620421984506 for DONE:  no
INFO  [pool-3-thread-1] 2021-05-08 06:07:51,449 repast.simphony.batch.ssh.LocalDonePoller - Polled C:\Users\kbc7vn\AppData\Local\Temp\simphony_model_1620421984506 for DONE:  no
INFO  [pool-3-thread-1] 2021-05-08 06:08:51,470 repast.simphony.batch.ssh.LocalDonePoller - Polled C:\Users\kbc7vn\AppData\Local\Temp\simphony_model_1620421984506 for DONE:  no
INFO  [pool-3-thread-1] 2021-05-08 06:09:51,672 repast.simphony.batch.ssh.LocalDonePoller - Polled C:\Users\kbc7vn\AppData\Local\Temp\simphony_model_1620421984506 for DONE:  no
INFO  [pool-3-thread-1] 2021-05-08 06:10:51,871 repast.simphony.batch.ssh.LocalDonePoller - Polled C:\Users\kbc7vn\AppData\Local\Temp\simphony_model_1620421984506 for DONE:  no
INFO  [pool-3-thread-1] 2021-05-08 06:11:52,064 repast.simphony.batch.ssh.LocalDonePoller - Polled C:\Users\kbc7vn\AppData\Local\Temp\simphony_model_1620421984506 for DONE:  no
INFO  [pool-3-thread-1] 2021-05-08 06:12:52,248 repast.simphony.batch.ssh.LocalDonePoller - Polled C:\Users\kbc7vn\AppData\Local\Temp\simphony_model_1620421984506 for DONE:  no
INFO  [pool-3-thread-1] 2021-05-08 06:13:52,434 repast.simphony.batch.ssh.LocalDonePoller - Polled C:\Users\kbc7vn\AppData\Local\Temp\simphony_model_1620421984506 for DONE:  no
INFO  [pool-3-thread-1] 2021-05-08 06:14:52,451 repast.simphony.batch.ssh.LocalDonePoller - Polled C:\Users\kbc7vn\AppData\Local\Temp\simphony_model_1620421984506 for DONE:  no
INFO  [pool-3-thread-1] 2021-05-08 06:15:52,478 repast.simphony.batch.ssh.LocalDonePoller - Polled C:\Users\kbc7vn\AppData\Local\Temp\simphony_model_1620421984506 for DONE:  no
INFO  [pool-3-thread-1] 2021-05-08 06:16:52,503 repast.simphony.batch.ssh.LocalDonePoller - Polled C:\Users\kbc7vn\AppData\Local\Temp\simphony_model_1620421984506 for DONE:  no
INFO  [pool-3-thread-1] 2021-05-08 06:17:52,545 repast.simphony.batch.ssh.LocalDonePoller - Polled C:\Users\kbc7vn\AppData\Local\Temp\simphony_model_1620421984506 for DONE:  no
INFO  [pool-3-thread-1] 2021-05-08 06:18:52,560 repast.simphony.batch.ssh.LocalDonePoller - Polled C:\Users\kbc7vn\AppData\Local\Temp\simphony_model_1620421984506 for DONE:  no
INFO  [pool-3-thread-1] 2021-05-08 06:19:52,594 repast.simphony.batch.ssh.LocalDonePoller - Polled C:\Users\kbc7vn\AppData\Local\Temp\simphony_model_1620421984506 for DONE:  no
INFO  [pool-3-thread-1] 2021-05-08 06:20:52,636 repast.simphony.batch.ssh.LocalDonePoller - Polled C:\Users\kbc7vn\AppData\Local\Temp\simphony_model_1620421984506 for DONE:  no
INFO  [pool-3-thread-1] 2021-05-08 06:21:52,667 repast.simphony.batch.ssh.LocalDonePoller - Polled C:\Users\kbc7vn\AppData\Local\Temp\simphony_model_1620421984506 for DONE:  no
INFO  [pool-3-thread-1] 2021-05-08 06:22:52,690 repast.simphony.batch.ssh.LocalDonePoller - Polled C:\Users\kbc7vn\AppData\Local\Temp\simphony_model_1620421984506 for DONE:  no
INFO  [pool-3-thread-1] 2021-05-08 06:23:52,711 repast.simphony.batch.ssh.LocalDonePoller - Polled C:\Users\kbc7vn\AppData\Local\Temp\simphony_model_1620421984506 for DONE:  no
INFO  [pool-3-thread-1] 2021-05-08 06:24:52,726 repast.simphony.batch.ssh.LocalDonePoller - Polled C:\Users\kbc7vn\AppData\Local\Temp\simphony_model_1620421984506 for DONE:  no
INFO  [pool-3-thread-1] 2021-05-08 06:25:52,744 repast.simphony.batch.ssh.LocalDonePoller - Polled C:\Users\kbc7vn\AppData\Local\Temp\simphony_model_1620421984506 for DONE:  no
INFO  [pool-3-thread-1] 2021-05-08 06:26:52,761 repast.simphony.batch.ssh.LocalDonePoller - Polled C:\Users\kbc7vn\AppData\Local\Temp\simphony_model_1620421984506 for DONE:  no
INFO  [pool-3-thread-1] 2021-05-08 06:27:52,796 repast.simphony.batch.ssh.LocalDonePoller - Polled C:\Users\kbc7vn\AppData\Local\Temp\simphony_model_1620421984506 for DONE:  no
INFO  [pool-3-thread-1] 2021-05-08 06:28:52,833 repast.simphony.batch.ssh.LocalDonePoller - Polled C:\Users\kbc7vn\AppData\Local\Temp\simphony_model_1620421984506 for DONE:  no
INFO  [pool-3-thread-1] 2021-05-08 06:31:01,005 repast.simphony.batch.ssh.LocalDonePoller - Polled C:\Users\kbc7vn\AppData\Local\Temp\simphony_model_1620421984506 for DONE:  no
INFO  [pool-3-thread-1] 2021-05-08 06:32:01,015 repast.simphony.batch.ssh.LocalDonePoller - Polled C:\Users\kbc7vn\AppData\Local\Temp\simphony_model_1620421984506 for DONE:  no
INFO  [pool-3-thread-1] 2021-05-08 06:33:01,046 repast.simphony.batch.ssh.LocalDonePoller - Polled C:\Users\kbc7vn\AppData\Local\Temp\simphony_model_1620421984506 for DONE:  no
INFO  [pool-3-thread-1] 2021-05-08 06:34:01,055 repast.simphony.batch.ssh.LocalDonePoller - Polled C:\Users\kbc7vn\AppData\Local\Temp\simphony_model_1620421984506 for DONE:  no
INFO  [pool-3-thread-1] 2021-05-08 06:35:01,085 repast.simphony.batch.ssh.LocalDonePoller - Polled C:\Users\kbc7vn\AppData\Local\Temp\simphony_model_1620421984506 for DONE:  no
INFO  [pool-3-thread-1] 2021-05-08 06:36:01,112 repast.simphony.batch.ssh.LocalDonePoller - Polled C:\Users\kbc7vn\AppData\Local\Temp\simphony_model_1620421984506 for DONE:  no
INFO  [pool-3-thread-1] 2021-05-08 06:37:01,129 repast.simphony.batch.ssh.LocalDonePoller - Polled C:\Users\kbc7vn\AppData\Local\Temp\simphony_model_1620421984506 for DONE:  no
INFO  [pool-3-thread-1] 2021-05-08 06:38:01,152 repast.simphony.batch.ssh.LocalDonePoller - Polled C:\Users\kbc7vn\AppData\Local\Temp\simphony_model_1620421984506 for DONE:  no
INFO  [pool-3-thread-1] 2021-05-08 06:39:01,160 repast.simphony.batch.ssh.LocalDonePoller - Polled C:\Users\kbc7vn\AppData\Local\Temp\simphony_model_1620421984506 for DONE:  no
INFO  [pool-3-thread-1] 2021-05-08 06:40:01,190 repast.simphony.batch.ssh.LocalDonePoller - Polled C:\Users\kbc7vn\AppData\Local\Temp\simphony_model_1620421984506 for DONE:  no
INFO  [pool-3-thread-1] 2021-05-08 06:41:01,214 repast.simphony.batch.ssh.LocalDonePoller - Polled C:\Users\kbc7vn\AppData\Local\Temp\simphony_model_1620421984506 for DONE:  no
INFO  [pool-3-thread-1] 2021-05-08 06:42:01,252 repast.simphony.batch.ssh.LocalDonePoller - Polled C:\Users\kbc7vn\AppData\Local\Temp\simphony_model_1620421984506 for DONE:  no
INFO  [pool-3-thread-1] 2021-05-08 06:43:01,274 repast.simphony.batch.ssh.LocalDonePoller - Polled C:\Users\kbc7vn\AppData\Local\Temp\simphony_model_1620421984506 for DONE:  no
INFO  [pool-3-thread-1] 2021-05-08 06:44:01,289 repast.simphony.batch.ssh.LocalDonePoller - Polled C:\Users\kbc7vn\AppData\Local\Temp\simphony_model_1620421984506 for DONE:  no
INFO  [pool-3-thread-1] 2021-05-08 06:45:01,310 repast.simphony.batch.ssh.LocalDonePoller - Polled C:\Users\kbc7vn\AppData\Local\Temp\simphony_model_1620421984506 for DONE:  no
INFO  [pool-3-thread-1] 2021-05-08 06:46:01,322 repast.simphony.batch.ssh.LocalDonePoller - Polled C:\Users\kbc7vn\AppData\Local\Temp\simphony_model_1620421984506 for DONE:  no
INFO  [pool-3-thread-1] 2021-05-08 06:47:01,349 repast.simphony.batch.ssh.LocalDonePoller - Polled C:\Users\kbc7vn\AppData\Local\Temp\simphony_model_1620421984506 for DONE:  no
INFO  [pool-3-thread-1] 2021-05-08 06:48:01,372 repast.simphony.batch.ssh.LocalDonePoller - Polled C:\Users\kbc7vn\AppData\Local\Temp\simphony_model_1620421984506 for DONE:  no
INFO  [pool-3-thread-1] 2021-05-08 06:49:01,387 repast.simphony.batch.ssh.LocalDonePoller - Polled C:\Users\kbc7vn\AppData\Local\Temp\simphony_model_1620421984506 for DONE:  no
INFO  [pool-3-thread-1] 2021-05-08 06:50:01,393 repast.simphony.batch.ssh.LocalDonePoller - Polled C:\Users\kbc7vn\AppData\Local\Temp\simphony_model_1620421984506 for DONE:  no
INFO  [pool-3-thread-1] 2021-05-08 06:51:01,416 repast.simphony.batch.ssh.LocalDonePoller - Polled C:\Users\kbc7vn\AppData\Local\Temp\simphony_model_1620421984506 for DONE:  no
INFO  [pool-3-thread-1] 2021-05-08 06:52:01,424 repast.simphony.batch.ssh.LocalDonePoller - Polled C:\Users\kbc7vn\AppData\Local\Temp\simphony_model_1620421984506 for DONE:  no
INFO  [pool-3-thread-1] 2021-05-08 06:53:01,445 repast.simphony.batch.ssh.LocalDonePoller - Polled C:\Users\kbc7vn\AppData\Local\Temp\simphony_model_1620421984506 for DONE:  no
INFO  [pool-3-thread-1] 2021-05-08 06:54:01,467 repast.simphony.batch.ssh.LocalDonePoller - Polled C:\Users\kbc7vn\AppData\Local\Temp\simphony_model_1620421984506 for DONE:  no
INFO  [pool-3-thread-1] 2021-05-08 06:55:01,480 repast.simphony.batch.ssh.LocalDonePoller - Polled C:\Users\kbc7vn\AppData\Local\Temp\simphony_model_1620421984506 for DONE:  no
INFO  [pool-3-thread-1] 2021-05-08 06:57:14,631 repast.simphony.batch.ssh.LocalDonePoller - Polled C:\Users\kbc7vn\AppData\Local\Temp\simphony_model_1620421984506 for DONE:  no
INFO  [pool-3-thread-1] 2021-05-08 06:58:14,650 repast.simphony.batch.ssh.LocalDonePoller - Polled C:\Users\kbc7vn\AppData\Local\Temp\simphony_model_1620421984506 for DONE:  no
INFO  [pool-3-thread-1] 2021-05-08 06:59:14,652 repast.simphony.batch.ssh.LocalDonePoller - Polled C:\Users\kbc7vn\AppData\Local\Temp\simphony_model_1620421984506 for DONE:  no
INFO  [pool-3-thread-1] 2021-05-08 07:00:14,661 repast.simphony.batch.ssh.LocalDonePoller - Polled C:\Users\kbc7vn\AppData\Local\Temp\simphony_model_1620421984506 for DONE:  no
INFO  [pool-3-thread-1] 2021-05-08 07:01:14,662 repast.simphony.batch.ssh.LocalDonePoller - Polled C:\Users\kbc7vn\AppData\Local\Temp\simphony_model_1620421984506 for DONE:  no
INFO  [pool-3-thread-1] 2021-05-08 07:02:14,667 repast.simphony.batch.ssh.LocalDonePoller - Polled C:\Users\kbc7vn\AppData\Local\Temp\simphony_model_1620421984506 for DONE:  no
INFO  [pool-3-thread-1] 2021-05-08 07:03:14,670 repast.simphony.batch.ssh.LocalDonePoller - Polled C:\Users\kbc7vn\AppData\Local\Temp\simphony_model_1620421984506 for DONE:  no
INFO  [pool-3-thread-1] 2021-05-08 07:04:14,671 repast.simphony.batch.ssh.LocalDonePoller - Polled C:\Users\kbc7vn\AppData\Local\Temp\simphony_model_1620421984506 for DONE:  no
INFO  [pool-3-thread-1] 2021-05-08 07:05:14,684 repast.simphony.batch.ssh.LocalDonePoller - Polled C:\Users\kbc7vn\AppData\Local\Temp\simphony_model_1620421984506 for DONE:  no
INFO  [pool-3-thread-1] 2021-05-08 07:06:14,682 repast.simphony.batch.ssh.LocalDonePoller - Polled C:\Users\kbc7vn\AppData\Local\Temp\simphony_model_1620421984506 for DONE:  no
INFO  [pool-3-thread-1] 2021-05-08 07:07:14,679 repast.simphony.batch.ssh.LocalDonePoller - Polled C:\Users\kbc7vn\AppData\Local\Temp\simphony_model_1620421984506 for DONE:  no
INFO  [pool-3-thread-1] 2021-05-08 07:08:14,693 repast.simphony.batch.ssh.LocalDonePoller - Polled C:\Users\kbc7vn\AppData\Local\Temp\simphony_model_1620421984506 for DONE:  no
INFO  [pool-3-thread-1] 2021-05-08 07:09:14,721 repast.simphony.batch.ssh.LocalDonePoller - Polled C:\Users\kbc7vn\AppData\Local\Temp\simphony_model_1620421984506 for DONE:  no
INFO  [pool-3-thread-1] 2021-05-08 07:10:14,729 repast.simphony.batch.ssh.LocalDonePoller - Polled C:\Users\kbc7vn\AppData\Local\Temp\simphony_model_1620421984506 for DONE:  no
INFO  [pool-3-thread-1] 2021-05-08 07:11:14,740 repast.simphony.batch.ssh.LocalDonePoller - Polled C:\Users\kbc7vn\AppData\Local\Temp\simphony_model_1620421984506 for DONE:  no
INFO  [pool-3-thread-1] 2021-05-08 07:12:14,743 repast.simphony.batch.ssh.LocalDonePoller - Polled C:\Users\kbc7vn\AppData\Local\Temp\simphony_model_1620421984506 for DONE:  no
INFO  [pool-3-thread-1] 2021-05-08 07:13:14,757 repast.simphony.batch.ssh.LocalDonePoller - Polled C:\Users\kbc7vn\AppData\Local\Temp\simphony_model_1620421984506 for DONE:  no
INFO  [pool-3-thread-1] 2021-05-08 07:14:14,777 repast.simphony.batch.ssh.LocalDonePoller - Polled C:\Users\kbc7vn\AppData\Local\Temp\simphony_model_1620421984506 for DONE:  no
INFO  [pool-3-thread-1] 2021-05-08 07:15:14,775 repast.simphony.batch.ssh.LocalDonePoller - Polled C:\Users\kbc7vn\AppData\Local\Temp\simphony_model_1620421984506 for DONE:  no
INFO  [pool-3-thread-1] 2021-05-08 07:16:14,779 repast.simphony.batch.ssh.LocalDonePoller - Polled C:\Users\kbc7vn\AppData\Local\Temp\simphony_model_1620421984506 for DONE:  no
INFO  [pool-3-thread-1] 2021-05-08 07:17:14,787 repast.simphony.batch.ssh.LocalDonePoller - Polled C:\Users\kbc7vn\AppData\Local\Temp\simphony_model_1620421984506 for DONE:  no
INFO  [pool-3-thread-1] 2021-05-08 07:18:14,800 repast.simphony.batch.ssh.LocalDonePoller - Polled C:\Users\kbc7vn\AppData\Local\Temp\simphony_model_1620421984506 for DONE:  no
INFO  [pool-3-thread-1] 2021-05-08 07:19:14,800 repast.simphony.batch.ssh.LocalDonePoller - Polled C:\Users\kbc7vn\AppData\Local\Temp\simphony_model_1620421984506 for DONE:  no
INFO  [pool-3-thread-1] 2021-05-08 07:20:14,801 repast.simphony.batch.ssh.LocalDonePoller - Polled C:\Users\kbc7vn\AppData\Local\Temp\simphony_model_1620421984506 for DONE:  no
INFO  [pool-3-thread-1] 2021-05-08 07:21:14,802 repast.simphony.batch.ssh.LocalDonePoller - Polled C:\Users\kbc7vn\AppData\Local\Temp\simphony_model_1620421984506 for DONE:  no
INFO  [pool-3-thread-1] 2021-05-08 07:22:14,808 repast.simphony.batch.ssh.LocalDonePoller - Polled C:\Users\kbc7vn\AppData\Local\Temp\simphony_model_1620421984506 for DONE:  no
INFO  [pool-3-thread-1] 2021-05-08 07:26:15,207 repast.simphony.batch.ssh.LocalDonePoller - Polled C:\Users\kbc7vn\AppData\Local\Temp\simphony_model_1620421984506 for DONE:  no
INFO  [pool-3-thread-1] 2021-05-08 07:27:15,221 repast.simphony.batch.ssh.LocalDonePoller - Polled C:\Users\kbc7vn\AppData\Local\Temp\simphony_model_1620421984506 for DONE:  no
INFO  [pool-3-thread-1] 2021-05-08 07:28:15,229 repast.simphony.batch.ssh.LocalDonePoller - Polled C:\Users\kbc7vn\AppData\Local\Temp\simphony_model_1620421984506 for DONE:  no
INFO  [pool-3-thread-1] 2021-05-08 07:29:15,243 repast.simphony.batch.ssh.LocalDonePoller - Polled C:\Users\kbc7vn\AppData\Local\Temp\simphony_model_1620421984506 for DONE:  no
INFO  [pool-3-thread-1] 2021-05-08 07:30:15,256 repast.simphony.batch.ssh.LocalDonePoller - Polled C:\Users\kbc7vn\AppData\Local\Temp\simphony_model_1620421984506 for DONE:  no
INFO  [pool-3-thread-1] 2021-05-08 07:31:15,266 repast.simphony.batch.ssh.LocalDonePoller - Polled C:\Users\kbc7vn\AppData\Local\Temp\simphony_model_1620421984506 for DONE:  no
INFO  [pool-3-thread-1] 2021-05-08 07:32:15,284 repast.simphony.batch.ssh.LocalDonePoller - Polled C:\Users\kbc7vn\AppData\Local\Temp\simphony_model_1620421984506 for DONE:  no
INFO  [pool-3-thread-1] 2021-05-08 07:33:15,303 repast.simphony.batch.ssh.LocalDonePoller - Polled C:\Users\kbc7vn\AppData\Local\Temp\simphony_model_1620421984506 for DONE:  no
INFO  [pool-3-thread-1] 2021-05-08 07:34:15,331 repast.simphony.batch.ssh.LocalDonePoller - Polled C:\Users\kbc7vn\AppData\Local\Temp\simphony_model_1620421984506 for DONE:  no
INFO  [pool-3-thread-1] 2021-05-08 07:35:15,366 repast.simphony.batch.ssh.LocalDonePoller - Polled C:\Users\kbc7vn\AppData\Local\Temp\simphony_model_1620421984506 for DONE:  no
INFO  [pool-3-thread-1] 2021-05-08 07:36:15,380 repast.simphony.batch.ssh.LocalDonePoller - Polled C:\Users\kbc7vn\AppData\Local\Temp\simphony_model_1620421984506 for DONE:  no
INFO  [pool-3-thread-1] 2021-05-08 07:37:15,393 repast.simphony.batch.ssh.LocalDonePoller - Polled C:\Users\kbc7vn\AppData\Local\Temp\simphony_model_1620421984506 for DONE:  no
INFO  [pool-3-thread-1] 2021-05-08 07:38:15,395 repast.simphony.batch.ssh.LocalDonePoller - Polled C:\Users\kbc7vn\AppData\Local\Temp\simphony_model_1620421984506 for DONE:  no
INFO  [pool-3-thread-1] 2021-05-08 07:39:15,406 repast.simphony.batch.ssh.LocalDonePoller - Polled C:\Users\kbc7vn\AppData\Local\Temp\simphony_model_1620421984506 for DONE:  no
INFO  [pool-3-thread-1] 2021-05-08 07:40:15,421 repast.simphony.batch.ssh.LocalDonePoller - Polled C:\Users\kbc7vn\AppData\Local\Temp\simphony_model_1620421984506 for DONE:  no
INFO  [pool-3-thread-1] 2021-05-08 07:41:15,437 repast.simphony.batch.ssh.LocalDonePoller - Polled C:\Users\kbc7vn\AppData\Local\Temp\simphony_model_1620421984506 for DONE:  no
INFO  [pool-3-thread-1] 2021-05-08 07:42:15,442 repast.simphony.batch.ssh.LocalDonePoller - Polled C:\Users\kbc7vn\AppData\Local\Temp\simphony_model_1620421984506 for DONE:  no
INFO  [pool-3-thread-1] 2021-05-08 07:43:15,455 repast.simphony.batch.ssh.LocalDonePoller - Polled C:\Users\kbc7vn\AppData\Local\Temp\simphony_model_1620421984506 for DONE:  no
INFO  [pool-3-thread-1] 2021-05-08 07:44:15,464 repast.simphony.batch.ssh.LocalDonePoller - Polled C:\Users\kbc7vn\AppData\Local\Temp\simphony_model_1620421984506 for DONE:  no
INFO  [pool-3-thread-1] 2021-05-08 07:45:15,468 repast.simphony.batch.ssh.LocalDonePoller - Polled C:\Users\kbc7vn\AppData\Local\Temp\simphony_model_1620421984506 for DONE:  no
INFO  [pool-3-thread-1] 2021-05-08 07:46:15,482 repast.simphony.batch.ssh.LocalDonePoller - Polled C:\Users\kbc7vn\AppData\Local\Temp\simphony_model_1620421984506 for DONE:  no
INFO  [pool-3-thread-1] 2021-05-08 07:47:15,489 repast.simphony.batch.ssh.LocalDonePoller - Polled C:\Users\kbc7vn\AppData\Local\Temp\simphony_model_1620421984506 for DONE:  no
INFO  [pool-3-thread-1] 2021-05-08 07:48:15,496 repast.simphony.batch.ssh.LocalDonePoller - Polled C:\Users\kbc7vn\AppData\Local\Temp\simphony_model_1620421984506 for DONE:  no
INFO  [pool-3-thread-1] 2021-05-08 07:49:15,498 repast.simphony.batch.ssh.LocalDonePoller - Polled C:\Users\kbc7vn\AppData\Local\Temp\simphony_model_1620421984506 for DONE:  no
INFO  [pool-3-thread-1] 2021-05-08 07:50:15,499 repast.simphony.batch.ssh.LocalDonePoller - Polled C:\Users\kbc7vn\AppData\Local\Temp\simphony_model_1620421984506 for DONE:  no
INFO  [pool-3-thread-1] 2021-05-08 07:52:31,274 repast.simphony.batch.ssh.LocalDonePoller - Polled C:\Users\kbc7vn\AppData\Local\Temp\simphony_model_1620421984506 for DONE:  no
INFO  [pool-3-thread-1] 2021-05-08 07:53:31,277 repast.simphony.batch.ssh.LocalDonePoller - Polled C:\Users\kbc7vn\AppData\Local\Temp\simphony_model_1620421984506 for DONE:  no
INFO  [pool-3-thread-1] 2021-05-08 07:54:31,288 repast.simphony.batch.ssh.LocalDonePoller - Polled C:\Users\kbc7vn\AppData\Local\Temp\simphony_model_1620421984506 for DONE:  no
INFO  [pool-3-thread-1] 2021-05-08 07:55:31,290 repast.simphony.batch.ssh.LocalDonePoller - Polled C:\Users\kbc7vn\AppData\Local\Temp\simphony_model_1620421984506 for DONE:  no
INFO  [pool-3-thread-1] 2021-05-08 07:56:31,305 repast.simphony.batch.ssh.LocalDonePoller - Polled C:\Users\kbc7vn\AppData\Local\Temp\simphony_model_1620421984506 for DONE:  no
INFO  [pool-3-thread-1] 2021-05-08 07:57:31,315 repast.simphony.batch.ssh.LocalDonePoller - Polled C:\Users\kbc7vn\AppData\Local\Temp\simphony_model_1620421984506 for DONE:  no
INFO  [pool-3-thread-1] 2021-05-08 07:58:31,379 repast.simphony.batch.ssh.LocalDonePoller - Polled C:\Users\kbc7vn\AppData\Local\Temp\simphony_model_1620421984506 for DONE:  no
INFO  [pool-3-thread-1] 2021-05-08 07:59:31,436 repast.simphony.batch.ssh.LocalDonePoller - Polled C:\Users\kbc7vn\AppData\Local\Temp\simphony_model_1620421984506 for DONE:  no
INFO  [pool-3-thread-1] 2021-05-08 08:00:31,504 repast.simphony.batch.ssh.LocalDonePoller - Polled C:\Users\kbc7vn\AppData\Local\Temp\simphony_model_1620421984506 for DONE:  no
INFO  [pool-3-thread-1] 2021-05-08 08:01:31,565 repast.simphony.batch.ssh.LocalDonePoller - Polled C:\Users\kbc7vn\AppData\Local\Temp\simphony_model_1620421984506 for DONE:  no
INFO  [pool-3-thread-1] 2021-05-08 08:02:31,618 repast.simphony.batch.ssh.LocalDonePoller - Polled C:\Users\kbc7vn\AppData\Local\Temp\simphony_model_1620421984506 for DONE:  no
INFO  [pool-3-thread-1] 2021-05-08 08:03:31,633 repast.simphony.batch.ssh.LocalDonePoller - Polled C:\Users\kbc7vn\AppData\Local\Temp\simphony_model_1620421984506 for DONE:  no
INFO  [pool-3-thread-1] 2021-05-08 08:04:31,646 repast.simphony.batch.ssh.LocalDonePoller - Polled C:\Users\kbc7vn\AppData\Local\Temp\simphony_model_1620421984506 for DONE:  no
INFO  [pool-3-thread-1] 2021-05-08 08:05:31,649 repast.simphony.batch.ssh.LocalDonePoller - Polled C:\Users\kbc7vn\AppData\Local\Temp\simphony_model_1620421984506 for DONE:  no
INFO  [pool-3-thread-1] 2021-05-08 08:06:31,654 repast.simphony.batch.ssh.LocalDonePoller - Polled C:\Users\kbc7vn\AppData\Local\Temp\simphony_model_1620421984506 for DONE:  no
INFO  [pool-3-thread-1] 2021-05-08 08:07:31,668 repast.simphony.batch.ssh.LocalDonePoller - Polled C:\Users\kbc7vn\AppData\Local\Temp\simphony_model_1620421984506 for DONE:  no
INFO  [pool-3-thread-1] 2021-05-08 08:08:31,681 repast.simphony.batch.ssh.LocalDonePoller - Polled C:\Users\kbc7vn\AppData\Local\Temp\simphony_model_1620421984506 for DONE:  no
INFO  [pool-3-thread-1] 2021-05-08 08:09:31,688 repast.simphony.batch.ssh.LocalDonePoller - Polled C:\Users\kbc7vn\AppData\Local\Temp\simphony_model_1620421984506 for DONE:  no
INFO  [pool-3-thread-1] 2021-05-08 08:10:31,689 repast.simphony.batch.ssh.LocalDonePoller - Polled C:\Users\kbc7vn\AppData\Local\Temp\simphony_model_1620421984506 for DONE:  no
INFO  [pool-3-thread-1] 2021-05-08 08:11:31,703 repast.simphony.batch.ssh.LocalDonePoller - Polled C:\Users\kbc7vn\AppData\Local\Temp\simphony_model_1620421984506 for DONE:  no
INFO  [pool-3-thread-1] 2021-05-08 08:12:31,709 repast.simphony.batch.ssh.LocalDonePoller - Polled C:\Users\kbc7vn\AppData\Local\Temp\simphony_model_1620421984506 for DONE:  no
INFO  [pool-3-thread-1] 2021-05-08 08:13:31,720 repast.simphony.batch.ssh.LocalDonePoller - Polled C:\Users\kbc7vn\AppData\Local\Temp\simphony_model_1620421984506 for DONE:  no
INFO  [pool-3-thread-1] 2021-05-08 08:14:31,721 repast.simphony.batch.ssh.LocalDonePoller - Polled C:\Users\kbc7vn\AppData\Local\Temp\simphony_model_1620421984506 for DONE:  no
INFO  [pool-3-thread-1] 2021-05-08 08:15:31,729 repast.simphony.batch.ssh.LocalDonePoller - Polled C:\Users\kbc7vn\AppData\Local\Temp\simphony_model_1620421984506 for DONE:  no
INFO  [pool-3-thread-1] 2021-05-08 08:16:31,743 repast.simphony.batch.ssh.LocalDonePoller - Polled C:\Users\kbc7vn\AppData\Local\Temp\simphony_model_1620421984506 for DONE:  no
INFO  [pool-3-thread-1] 2021-05-08 08:17:31,744 repast.simphony.batch.ssh.LocalDonePoller - Polled C:\Users\kbc7vn\AppData\Local\Temp\simphony_model_1620421984506 for DONE:  no
INFO  [pool-3-thread-1] 2021-05-08 08:18:31,751 repast.simphony.batch.ssh.LocalDonePoller - Polled C:\Users\kbc7vn\AppData\Local\Temp\simphony_model_1620421984506 for DONE:  no
INFO  [pool-3-thread-1] 2021-05-08 08:19:31,768 repast.simphony.batch.ssh.LocalDonePoller - Polled C:\Users\kbc7vn\AppData\Local\Temp\simphony_model_1620421984506 for DONE:  no
INFO  [pool-3-thread-1] 2021-05-08 08:20:31,782 repast.simphony.batch.ssh.LocalDonePoller - Polled C:\Users\kbc7vn\AppData\Local\Temp\simphony_model_1620421984506 for DONE:  no
INFO  [pool-3-thread-1] 2021-05-08 08:21:31,795 repast.simphony.batch.ssh.LocalDonePoller - Polled C:\Users\kbc7vn\AppData\Local\Temp\simphony_model_1620421984506 for DONE:  no
INFO  [pool-3-thread-1] 2021-05-08 08:22:31,806 repast.simphony.batch.ssh.LocalDonePoller - Polled C:\Users\kbc7vn\AppData\Local\Temp\simphony_model_1620421984506 for DONE:  no
INFO  [pool-3-thread-1] 2021-05-08 08:23:31,814 repast.simphony.batch.ssh.LocalDonePoller - Polled C:\Users\kbc7vn\AppData\Local\Temp\simphony_model_1620421984506 for DONE:  no
INFO  [pool-3-thread-1] 2021-05-08 08:24:31,814 repast.simphony.batch.ssh.LocalDonePoller - Polled C:\Users\kbc7vn\AppData\Local\Temp\simphony_model_1620421984506 for DONE:  yes
INFO  [SwingWorker-pool-2-thread-1] 2021-05-08 08:24:31,816 repast.simphony.batch.ssh.SessionsDriver - Run Time: 911.4034
INFO  [SwingWorker-pool-2-thread-1] 2021-05-08 08:24:31,984 repast.simphony.batch.ssh.LocalSession - Finding output on localhost in C:\Users\kbc7vn\AppData\Local\Temp\simphony_model_1620421984506
INFO  [SwingWorker-pool-2-thread-1] 2021-05-08 08:24:32,033 repast.simphony.batch.ssh.SessionsDriver - Aggregating output into C:/Users/kbc7vn/Documents/DMD/modelOutput/3DaysDamage
INFO  [SwingWorker-pool-2-thread-1] 2021-05-08 08:24:35,275 repast.simphony.batch.ssh.SessionsDriver - Get Output Time: 0.0576
INFO  [SwingWorker-pool-2-thread-1] 2021-05-08 08:24:35,276 repast.simphony.batch.ssh.SessionsDriver - Finished. Elapsed Time: 911.5131
