2021-05-05 23:15:21,421 - ************************************************************** 
2021-05-05 23:15:21,421 - Starting Jakarta Velocity v1.4
2021-05-05 23:15:21,421 - RuntimeInstance initializing.
2021-05-05 23:15:21,421 - Default Properties File: org\apache\velocity\runtime\defaults\velocity.properties
2021-05-05 23:15:21,421 - Trying to use logger class org.apache.velocity.runtime.log.SimpleLog4JLogSystem
2021-05-05 23:15:21,421 - Using logger class org.apache.velocity.runtime.log.SimpleLog4JLogSystem
2021-05-05 23:15:21,424 - Default ResourceManager initializing. (class org.apache.velocity.runtime.resource.ResourceManagerImpl)
2021-05-05 23:15:21,426 - Resource Loader Instantiated: org.apache.velocity.runtime.resource.loader.ClasspathResourceLoader
2021-05-05 23:15:21,427 - ClasspathResourceLoader : initialization starting.
2021-05-05 23:15:21,427 - ClasspathResourceLoader : initialization complete.
2021-05-05 23:15:21,428 - ResourceCache : initialized. (class org.apache.velocity.runtime.resource.ResourceCacheImpl)
2021-05-05 23:15:21,428 - Default ResourceManager initialization complete.
2021-05-05 23:15:21,430 - Loaded System Directive: org.apache.velocity.runtime.directive.Literal
2021-05-05 23:15:21,432 - Loaded System Directive: org.apache.velocity.runtime.directive.Macro
2021-05-05 23:15:21,434 - Loaded System Directive: org.apache.velocity.runtime.directive.Parse
2021-05-05 23:15:21,436 - Loaded System Directive: org.apache.velocity.runtime.directive.Include
2021-05-05 23:15:21,437 - Loaded System Directive: org.apache.velocity.runtime.directive.Foreach
2021-05-05 23:15:21,459 - Created: 20 parsers.
2021-05-05 23:15:21,464 - Velocimacro : initialization starting.
2021-05-05 23:15:21,464 - Velocimacro : adding VMs from VM library template : VM_global_library.vm
2021-05-05 23:15:21,467 - ResourceManager : unable to find resource 'VM_global_library.vm' in any resource loader.
2021-05-05 23:15:21,467 - Velocimacro : error using  VM library template VM_global_library.vm : org.apache.velocity.exception.ResourceNotFoundException: Unable to find resource 'VM_global_library.vm'
2021-05-05 23:15:21,467 - Velocimacro :  VM library template macro registration complete.
2021-05-05 23:15:21,467 - Velocimacro : allowInline = true : VMs can be defined inline in templates
2021-05-05 23:15:21,467 - Velocimacro : allowInlineToOverride = false : VMs defined inline may NOT replace previous VM definitions
2021-05-05 23:15:21,467 - Velocimacro : allowInlineLocal = false : VMs defined inline will be  global in scope if allowed.
2021-05-05 23:15:21,467 - Velocimacro : messages on  : VM system will output logging messages
2021-05-05 23:15:21,467 - Velocimacro : autoload off  : VM system will not automatically reload global library macros
2021-05-05 23:15:21,467 - Velocimacro : initialization complete.
2021-05-05 23:15:21,467 - Velocity successfully started.
2021-05-06 08:47:59,098 - SimpleLog4JLogSystem initialized using logfile 'velocity.log'
2021-05-06 08:47:59,099 - ************************************************************** 
2021-05-06 08:47:59,099 - Starting Jakarta Velocity v1.4
2021-05-06 08:47:59,099 - RuntimeInstance initializing.
2021-05-06 08:47:59,099 - Default Properties File: org\apache\velocity\runtime\defaults\velocity.properties
2021-05-06 08:47:59,099 - Trying to use logger class org.apache.velocity.runtime.log.SimpleLog4JLogSystem
2021-05-06 08:47:59,099 - Using logger class org.apache.velocity.runtime.log.SimpleLog4JLogSystem
2021-05-06 08:47:59,101 - Default ResourceManager initializing. (class org.apache.velocity.runtime.resource.ResourceManagerImpl)
2021-05-06 08:47:59,102 - Resource Loader Instantiated: org.apache.velocity.runtime.resource.loader.ClasspathResourceLoader
2021-05-06 08:47:59,102 - ClasspathResourceLoader : initialization starting.
2021-05-06 08:47:59,102 - ClasspathResourceLoader : initialization complete.
2021-05-06 08:47:59,103 - ResourceCache : initialized. (class org.apache.velocity.runtime.resource.ResourceCacheImpl)
2021-05-06 08:47:59,103 - Default ResourceManager initialization complete.
2021-05-06 08:47:59,105 - Loaded System Directive: org.apache.velocity.runtime.directive.Literal
2021-05-06 08:47:59,106 - Loaded System Directive: org.apache.velocity.runtime.directive.Macro
2021-05-06 08:47:59,107 - Loaded System Directive: org.apache.velocity.runtime.directive.Parse
2021-05-06 08:47:59,108 - Loaded System Directive: org.apache.velocity.runtime.directive.Include
2021-05-06 08:47:59,109 - Loaded System Directive: org.apache.velocity.runtime.directive.Foreach
2021-05-06 08:47:59,128 - Created: 20 parsers.
2021-05-06 08:47:59,132 - Velocimacro : initialization starting.
2021-05-06 08:47:59,132 - Velocimacro : adding VMs from VM library template : VM_global_library.vm
2021-05-06 08:47:59,135 - ResourceManager : unable to find resource 'VM_global_library.vm' in any resource loader.
2021-05-06 08:47:59,135 - Velocimacro : error using  VM library template VM_global_library.vm : org.apache.velocity.exception.ResourceNotFoundException: Unable to find resource 'VM_global_library.vm'
2021-05-06 08:47:59,135 - Velocimacro :  VM library template macro registration complete.
2021-05-06 08:47:59,135 - Velocimacro : allowInline = true : VMs can be defined inline in templates
2021-05-06 08:47:59,135 - Velocimacro : allowInlineToOverride = false : VMs defined inline may NOT replace previous VM definitions
2021-05-06 08:47:59,135 - Velocimacro : allowInlineLocal = false : VMs defined inline will be  global in scope if allowed.
2021-05-06 08:47:59,135 - Velocimacro : messages on  : VM system will output logging messages
2021-05-06 08:47:59,135 - Velocimacro : autoload off  : VM system will not automatically reload global library macros
2021-05-06 08:47:59,135 - Velocimacro : initialization complete.
2021-05-06 08:47:59,135 - Velocity successfully started.
2021-05-06 13:09:14,088 - SimpleLog4JLogSystem initialized using logfile 'velocity.log'
2021-05-06 13:09:14,088 - ************************************************************** 
2021-05-06 13:09:14,088 - Starting Jakarta Velocity v1.4
2021-05-06 13:09:14,088 - RuntimeInstance initializing.
2021-05-06 13:09:14,088 - Default Properties File: org\apache\velocity\runtime\defaults\velocity.properties
2021-05-06 13:09:14,088 - Trying to use logger class org.apache.velocity.runtime.log.SimpleLog4JLogSystem
2021-05-06 13:09:14,088 - Using logger class org.apache.velocity.runtime.log.SimpleLog4JLogSystem
2021-05-06 13:09:14,090 - Default ResourceManager initializing. (class org.apache.velocity.runtime.resource.ResourceManagerImpl)
2021-05-06 13:09:14,092 - Resource Loader Instantiated: org.apache.velocity.runtime.resource.loader.ClasspathResourceLoader
2021-05-06 13:09:14,092 - ClasspathResourceLoader : initialization starting.
2021-05-06 13:09:14,092 - ClasspathResourceLoader : initialization complete.
2021-05-06 13:09:14,093 - ResourceCache : initialized. (class org.apache.velocity.runtime.resource.ResourceCacheImpl)
2021-05-06 13:09:14,093 - Default ResourceManager initialization complete.
2021-05-06 13:09:14,094 - Loaded System Directive: org.apache.velocity.runtime.directive.Literal
2021-05-06 13:09:14,095 - Loaded System Directive: org.apache.velocity.runtime.directive.Macro
2021-05-06 13:09:14,097 - Loaded System Directive: org.apache.velocity.runtime.directive.Parse
2021-05-06 13:09:14,098 - Loaded System Directive: org.apache.velocity.runtime.directive.Include
2021-05-06 13:09:14,099 - Loaded System Directive: org.apache.velocity.runtime.directive.Foreach
2021-05-06 13:09:14,117 - Created: 20 parsers.
2021-05-06 13:09:14,121 - Velocimacro : initialization starting.
2021-05-06 13:09:14,121 - Velocimacro : adding VMs from VM library template : VM_global_library.vm
2021-05-06 13:09:14,124 - ResourceManager : unable to find resource 'VM_global_library.vm' in any resource loader.
2021-05-06 13:09:14,124 - Velocimacro : error using  VM library template VM_global_library.vm : org.apache.velocity.exception.ResourceNotFoundException: Unable to find resource 'VM_global_library.vm'
2021-05-06 13:09:14,124 - Velocimacro :  VM library template macro registration complete.
2021-05-06 13:09:14,124 - Velocimacro : allowInline = true : VMs can be defined inline in templates
2021-05-06 13:09:14,124 - Velocimacro : allowInlineToOverride = false : VMs defined inline may NOT replace previous VM definitions
2021-05-06 13:09:14,124 - Velocimacro : allowInlineLocal = false : VMs defined inline will be  global in scope if allowed.
2021-05-06 13:09:14,124 - Velocimacro : messages on  : VM system will output logging messages
2021-05-06 13:09:14,124 - Velocimacro : autoload off  : VM system will not automatically reload global library macros
2021-05-06 13:09:14,124 - Velocimacro : initialization complete.
2021-05-06 13:09:14,124 - Velocity successfully started.
2021-05-06 13:11:36,889 - SimpleLog4JLogSystem initialized using logfile 'velocity.log'
2021-05-06 13:11:36,890 - ************************************************************** 
2021-05-06 13:11:36,890 - Starting Jakarta Velocity v1.4
2021-05-06 13:11:36,890 - RuntimeInstance initializing.
2021-05-06 13:11:36,890 - Default Properties File: org\apache\velocity\runtime\defaults\velocity.properties
2021-05-06 13:11:36,890 - Trying to use logger class org.apache.velocity.runtime.log.SimpleLog4JLogSystem
2021-05-06 13:11:36,890 - Using logger class org.apache.velocity.runtime.log.SimpleLog4JLogSystem
2021-05-06 13:11:36,895 - Default ResourceManager initializing. (class org.apache.velocity.runtime.resource.ResourceManagerImpl)
2021-05-06 13:11:36,899 - Resource Loader Instantiated: org.apache.velocity.runtime.resource.loader.ClasspathResourceLoader
2021-05-06 13:11:36,899 - ClasspathResourceLoader : initialization starting.
2021-05-06 13:11:36,899 - ClasspathResourceLoader : initialization complete.
2021-05-06 13:11:36,900 - ResourceCache : initialized. (class org.apache.velocity.runtime.resource.ResourceCacheImpl)
2021-05-06 13:11:36,900 - Default ResourceManager initialization complete.
2021-05-06 13:11:36,901 - Loaded System Directive: org.apache.velocity.runtime.directive.Literal
2021-05-06 13:11:36,903 - Loaded System Directive: org.apache.velocity.runtime.directive.Macro
2021-05-06 13:11:36,904 - Loaded System Directive: org.apache.velocity.runtime.directive.Parse
2021-05-06 13:11:36,905 - Loaded System Directive: org.apache.velocity.runtime.directive.Include
2021-05-06 13:11:36,906 - Loaded System Directive: org.apache.velocity.runtime.directive.Foreach
2021-05-06 13:11:36,924 - Created: 20 parsers.
2021-05-06 13:11:36,929 - Velocimacro : initialization starting.
2021-05-06 13:11:36,929 - Velocimacro : adding VMs from VM library template : VM_global_library.vm
2021-05-06 13:11:36,931 - ResourceManager : unable to find resource 'VM_global_library.vm' in any resource loader.
2021-05-06 13:11:36,931 - Velocimacro : error using  VM library template VM_global_library.vm : org.apache.velocity.exception.ResourceNotFoundException: Unable to find resource 'VM_global_library.vm'
2021-05-06 13:11:36,931 - Velocimacro :  VM library template macro registration complete.
2021-05-06 13:11:36,931 - Velocimacro : allowInline = true : VMs can be defined inline in templates
2021-05-06 13:11:36,931 - Velocimacro : allowInlineToOverride = false : VMs defined inline may NOT replace previous VM definitions
2021-05-06 13:11:36,931 - Velocimacro : allowInlineLocal = false : VMs defined inline will be  global in scope if allowed.
2021-05-06 13:11:36,931 - Velocimacro : messages on  : VM system will output logging messages
2021-05-06 13:11:36,931 - Velocimacro : autoload off  : VM system will not automatically reload global library macros
2021-05-06 13:11:36,931 - Velocimacro : initialization complete.
2021-05-06 13:11:36,932 - Velocity successfully started.
2021-05-06 13:12:23,851 - SimpleLog4JLogSystem initialized using logfile 'velocity.log'
2021-05-06 13:12:23,851 - ************************************************************** 
2021-05-06 13:12:23,851 - Starting Jakarta Velocity v1.4
2021-05-06 13:12:23,851 - RuntimeInstance initializing.
2021-05-06 13:12:23,851 - Default Properties File: org\apache\velocity\runtime\defaults\velocity.properties
2021-05-06 13:12:23,851 - Trying to use logger class org.apache.velocity.runtime.log.SimpleLog4JLogSystem
2021-05-06 13:12:23,851 - Using logger class org.apache.velocity.runtime.log.SimpleLog4JLogSystem
2021-05-06 13:12:23,853 - Default ResourceManager initializing. (class org.apache.velocity.runtime.resource.ResourceManagerImpl)
2021-05-06 13:12:23,855 - Resource Loader Instantiated: org.apache.velocity.runtime.resource.loader.ClasspathResourceLoader
2021-05-06 13:12:23,855 - ClasspathResourceLoader : initialization starting.
2021-05-06 13:12:23,855 - ClasspathResourceLoader : initialization complete.
2021-05-06 13:12:23,856 - ResourceCache : initialized. (class org.apache.velocity.runtime.resource.ResourceCacheImpl)
2021-05-06 13:12:23,856 - Default ResourceManager initialization complete.
2021-05-06 13:12:23,857 - Loaded System Directive: org.apache.velocity.runtime.directive.Literal
2021-05-06 13:12:23,859 - Loaded System Directive: org.apache.velocity.runtime.directive.Macro
2021-05-06 13:12:23,860 - Loaded System Directive: org.apache.velocity.runtime.directive.Parse
2021-05-06 13:12:23,861 - Loaded System Directive: org.apache.velocity.runtime.directive.Include
2021-05-06 13:12:23,862 - Loaded System Directive: org.apache.velocity.runtime.directive.Foreach
2021-05-06 13:12:23,880 - Created: 20 parsers.
2021-05-06 13:12:23,885 - Velocimacro : initialization starting.
2021-05-06 13:12:23,885 - Velocimacro : adding VMs from VM library template : VM_global_library.vm
2021-05-06 13:12:23,888 - ResourceManager : unable to find resource 'VM_global_library.vm' in any resource loader.
2021-05-06 13:12:23,888 - Velocimacro : error using  VM library template VM_global_library.vm : org.apache.velocity.exception.ResourceNotFoundException: Unable to find resource 'VM_global_library.vm'
2021-05-06 13:12:23,888 - Velocimacro :  VM library template macro registration complete.
2021-05-06 13:12:23,888 - Velocimacro : allowInline = true : VMs can be defined inline in templates
2021-05-06 13:12:23,888 - Velocimacro : allowInlineToOverride = false : VMs defined inline may NOT replace previous VM definitions
2021-05-06 13:12:23,888 - Velocimacro : allowInlineLocal = false : VMs defined inline will be  global in scope if allowed.
2021-05-06 13:12:23,888 - Velocimacro : messages on  : VM system will output logging messages
2021-05-06 13:12:23,888 - Velocimacro : autoload off  : VM system will not automatically reload global library macros
2021-05-06 13:12:23,888 - Velocimacro : initialization complete.
2021-05-06 13:12:23,888 - Velocity successfully started.
2021-05-06 13:15:04,695 - SimpleLog4JLogSystem initialized using logfile 'velocity.log'
2021-05-06 13:15:04,696 - ************************************************************** 
2021-05-06 13:15:04,696 - Starting Jakarta Velocity v1.4
2021-05-06 13:15:04,696 - RuntimeInstance initializing.
2021-05-06 13:15:04,696 - Default Properties File: org\apache\velocity\runtime\defaults\velocity.properties
2021-05-06 13:15:04,696 - Trying to use logger class org.apache.velocity.runtime.log.SimpleLog4JLogSystem
2021-05-06 13:15:04,697 - Using logger class org.apache.velocity.runtime.log.SimpleLog4JLogSystem
2021-05-06 13:15:04,702 - Default ResourceManager initializing. (class org.apache.velocity.runtime.resource.ResourceManagerImpl)
2021-05-06 13:15:04,705 - Resource Loader Instantiated: org.apache.velocity.runtime.resource.loader.ClasspathResourceLoader
2021-05-06 13:15:04,705 - ClasspathResourceLoader : initialization starting.
2021-05-06 13:15:04,705 - ClasspathResourceLoader : initialization complete.
2021-05-06 13:15:04,706 - ResourceCache : initialized. (class org.apache.velocity.runtime.resource.ResourceCacheImpl)
2021-05-06 13:15:04,706 - Default ResourceManager initialization complete.
2021-05-06 13:15:04,707 - Loaded System Directive: org.apache.velocity.runtime.directive.Literal
2021-05-06 13:15:04,708 - Loaded System Directive: org.apache.velocity.runtime.directive.Macro
2021-05-06 13:15:04,710 - Loaded System Directive: org.apache.velocity.runtime.directive.Parse
2021-05-06 13:15:04,711 - Loaded System Directive: org.apache.velocity.runtime.directive.Include
2021-05-06 13:15:04,711 - Loaded System Directive: org.apache.velocity.runtime.directive.Foreach
2021-05-06 13:15:04,729 - Created: 20 parsers.
2021-05-06 13:15:04,733 - Velocimacro : initialization starting.
2021-05-06 13:15:04,733 - Velocimacro : adding VMs from VM library template : VM_global_library.vm
2021-05-06 13:15:04,736 - ResourceManager : unable to find resource 'VM_global_library.vm' in any resource loader.
2021-05-06 13:15:04,736 - Velocimacro : error using  VM library template VM_global_library.vm : org.apache.velocity.exception.ResourceNotFoundException: Unable to find resource 'VM_global_library.vm'
2021-05-06 13:15:04,736 - Velocimacro :  VM library template macro registration complete.
2021-05-06 13:15:04,736 - Velocimacro : allowInline = true : VMs can be defined inline in templates
2021-05-06 13:15:04,736 - Velocimacro : allowInlineToOverride = false : VMs defined inline may NOT replace previous VM definitions
2021-05-06 13:15:04,736 - Velocimacro : allowInlineLocal = false : VMs defined inline will be  global in scope if allowed.
2021-05-06 13:15:04,736 - Velocimacro : messages on  : VM system will output logging messages
2021-05-06 13:15:04,737 - Velocimacro : autoload off  : VM system will not automatically reload global library macros
2021-05-06 13:15:04,737 - Velocimacro : initialization complete.
2021-05-06 13:15:04,737 - Velocity successfully started.
2021-05-06 13:15:36,735 - SimpleLog4JLogSystem initialized using logfile 'velocity.log'
2021-05-06 13:15:36,735 - ************************************************************** 
2021-05-06 13:15:36,735 - Starting Jakarta Velocity v1.4
2021-05-06 13:15:36,735 - RuntimeInstance initializing.
2021-05-06 13:15:36,735 - Default Properties File: org\apache\velocity\runtime\defaults\velocity.properties
2021-05-06 13:15:36,735 - Trying to use logger class org.apache.velocity.runtime.log.SimpleLog4JLogSystem
2021-05-06 13:15:36,735 - Using logger class org.apache.velocity.runtime.log.SimpleLog4JLogSystem
2021-05-06 13:15:36,737 - Default ResourceManager initializing. (class org.apache.velocity.runtime.resource.ResourceManagerImpl)
2021-05-06 13:15:36,739 - Resource Loader Instantiated: org.apache.velocity.runtime.resource.loader.ClasspathResourceLoader
2021-05-06 13:15:36,739 - ClasspathResourceLoader : initialization starting.
2021-05-06 13:15:36,739 - ClasspathResourceLoader : initialization complete.
2021-05-06 13:15:36,740 - ResourceCache : initialized. (class org.apache.velocity.runtime.resource.ResourceCacheImpl)
2021-05-06 13:15:36,740 - Default ResourceManager initialization complete.
2021-05-06 13:15:36,741 - Loaded System Directive: org.apache.velocity.runtime.directive.Literal
2021-05-06 13:15:36,742 - Loaded System Directive: org.apache.velocity.runtime.directive.Macro
2021-05-06 13:15:36,744 - Loaded System Directive: org.apache.velocity.runtime.directive.Parse
2021-05-06 13:15:36,745 - Loaded System Directive: org.apache.velocity.runtime.directive.Include
2021-05-06 13:15:36,746 - Loaded System Directive: org.apache.velocity.runtime.directive.Foreach
2021-05-06 13:15:36,764 - Created: 20 parsers.
2021-05-06 13:15:36,768 - Velocimacro : initialization starting.
2021-05-06 13:15:36,768 - Velocimacro : adding VMs from VM library template : VM_global_library.vm
2021-05-06 13:15:36,771 - ResourceManager : unable to find resource 'VM_global_library.vm' in any resource loader.
2021-05-06 13:15:36,771 - Velocimacro : error using  VM library template VM_global_library.vm : org.apache.velocity.exception.ResourceNotFoundException: Unable to find resource 'VM_global_library.vm'
2021-05-06 13:15:36,771 - Velocimacro :  VM library template macro registration complete.
2021-05-06 13:15:36,771 - Velocimacro : allowInline = true : VMs can be defined inline in templates
2021-05-06 13:15:36,771 - Velocimacro : allowInlineToOverride = false : VMs defined inline may NOT replace previous VM definitions
2021-05-06 13:15:36,771 - Velocimacro : allowInlineLocal = false : VMs defined inline will be  global in scope if allowed.
2021-05-06 13:15:36,771 - Velocimacro : messages on  : VM system will output logging messages
2021-05-06 13:15:36,771 - Velocimacro : autoload off  : VM system will not automatically reload global library macros
2021-05-06 13:15:36,771 - Velocimacro : initialization complete.
2021-05-06 13:15:36,771 - Velocity successfully started.
2021-05-06 13:17:30,501 - SimpleLog4JLogSystem initialized using logfile 'velocity.log'
2021-05-06 13:17:30,501 - ************************************************************** 
2021-05-06 13:17:30,501 - Starting Jakarta Velocity v1.4
2021-05-06 13:17:30,501 - RuntimeInstance initializing.
2021-05-06 13:17:30,501 - Default Properties File: org\apache\velocity\runtime\defaults\velocity.properties
2021-05-06 13:17:30,501 - Trying to use logger class org.apache.velocity.runtime.log.SimpleLog4JLogSystem
2021-05-06 13:17:30,501 - Using logger class org.apache.velocity.runtime.log.SimpleLog4JLogSystem
2021-05-06 13:17:30,504 - Default ResourceManager initializing. (class org.apache.velocity.runtime.resource.ResourceManagerImpl)
2021-05-06 13:17:30,507 - Resource Loader Instantiated: org.apache.velocity.runtime.resource.loader.ClasspathResourceLoader
2021-05-06 13:17:30,507 - ClasspathResourceLoader : initialization starting.
2021-05-06 13:17:30,507 - ClasspathResourceLoader : initialization complete.
2021-05-06 13:17:30,509 - ResourceCache : initialized. (class org.apache.velocity.runtime.resource.ResourceCacheImpl)
2021-05-06 13:17:30,509 - Default ResourceManager initialization complete.
2021-05-06 13:17:30,510 - Loaded System Directive: org.apache.velocity.runtime.directive.Literal
2021-05-06 13:17:30,511 - Loaded System Directive: org.apache.velocity.runtime.directive.Macro
2021-05-06 13:17:30,513 - Loaded System Directive: org.apache.velocity.runtime.directive.Parse
2021-05-06 13:17:30,514 - Loaded System Directive: org.apache.velocity.runtime.directive.Include
2021-05-06 13:17:30,515 - Loaded System Directive: org.apache.velocity.runtime.directive.Foreach
2021-05-06 13:17:30,534 - Created: 20 parsers.
2021-05-06 13:17:30,538 - Velocimacro : initialization starting.
2021-05-06 13:17:30,539 - Velocimacro : adding VMs from VM library template : VM_global_library.vm
2021-05-06 13:17:30,541 - ResourceManager : unable to find resource 'VM_global_library.vm' in any resource loader.
2021-05-06 13:17:30,541 - Velocimacro : error using  VM library template VM_global_library.vm : org.apache.velocity.exception.ResourceNotFoundException: Unable to find resource 'VM_global_library.vm'
2021-05-06 13:17:30,541 - Velocimacro :  VM library template macro registration complete.
2021-05-06 13:17:30,542 - Velocimacro : allowInline = true : VMs can be defined inline in templates
2021-05-06 13:17:30,542 - Velocimacro : allowInlineToOverride = false : VMs defined inline may NOT replace previous VM definitions
2021-05-06 13:17:30,542 - Velocimacro : allowInlineLocal = false : VMs defined inline will be  global in scope if allowed.
2021-05-06 13:17:30,542 - Velocimacro : messages on  : VM system will output logging messages
2021-05-06 13:17:30,542 - Velocimacro : autoload off  : VM system will not automatically reload global library macros
2021-05-06 13:17:30,542 - Velocimacro : initialization complete.
2021-05-06 13:17:30,542 - Velocity successfully started.
2021-05-06 14:44:56,032 - SimpleLog4JLogSystem initialized using logfile 'velocity.log'
2021-05-06 14:44:56,032 - ************************************************************** 
2021-05-06 14:44:56,033 - Starting Jakarta Velocity v1.4
2021-05-06 14:44:56,033 - RuntimeInstance initializing.
2021-05-06 14:44:56,033 - Default Properties File: org\apache\velocity\runtime\defaults\velocity.properties
2021-05-06 14:44:56,033 - Trying to use logger class org.apache.velocity.runtime.log.SimpleLog4JLogSystem
2021-05-06 14:44:56,033 - Using logger class org.apache.velocity.runtime.log.SimpleLog4JLogSystem
2021-05-06 14:44:56,035 - Default ResourceManager initializing. (class org.apache.velocity.runtime.resource.ResourceManagerImpl)
2021-05-06 14:44:56,036 - Resource Loader Instantiated: org.apache.velocity.runtime.resource.loader.ClasspathResourceLoader
2021-05-06 14:44:56,037 - ClasspathResourceLoader : initialization starting.
2021-05-06 14:44:56,037 - ClasspathResourceLoader : initialization complete.
2021-05-06 14:44:56,038 - ResourceCache : initialized. (class org.apache.velocity.runtime.resource.ResourceCacheImpl)
2021-05-06 14:44:56,038 - Default ResourceManager initialization complete.
2021-05-06 14:44:56,039 - Loaded System Directive: org.apache.velocity.runtime.directive.Literal
2021-05-06 14:44:56,040 - Loaded System Directive: org.apache.velocity.runtime.directive.Macro
2021-05-06 14:44:56,042 - Loaded System Directive: org.apache.velocity.runtime.directive.Parse
2021-05-06 14:44:56,043 - Loaded System Directive: org.apache.velocity.runtime.directive.Include
2021-05-06 14:44:56,044 - Loaded System Directive: org.apache.velocity.runtime.directive.Foreach
2021-05-06 14:44:56,062 - Created: 20 parsers.
2021-05-06 14:44:56,067 - Velocimacro : initialization starting.
2021-05-06 14:44:56,067 - Velocimacro : adding VMs from VM library template : VM_global_library.vm
2021-05-06 14:44:56,070 - ResourceManager : unable to find resource 'VM_global_library.vm' in any resource loader.
2021-05-06 14:44:56,070 - Velocimacro : error using  VM library template VM_global_library.vm : org.apache.velocity.exception.ResourceNotFoundException: Unable to find resource 'VM_global_library.vm'
2021-05-06 14:44:56,070 - Velocimacro :  VM library template macro registration complete.
2021-05-06 14:44:56,070 - Velocimacro : allowInline = true : VMs can be defined inline in templates
2021-05-06 14:44:56,070 - Velocimacro : allowInlineToOverride = false : VMs defined inline may NOT replace previous VM definitions
2021-05-06 14:44:56,070 - Velocimacro : allowInlineLocal = false : VMs defined inline will be  global in scope if allowed.
2021-05-06 14:44:56,070 - Velocimacro : messages on  : VM system will output logging messages
2021-05-06 14:44:56,070 - Velocimacro : autoload off  : VM system will not automatically reload global library macros
2021-05-06 14:44:56,070 - Velocimacro : initialization complete.
2021-05-06 14:44:56,071 - Velocity successfully started.
2021-05-06 21:08:09,166 - SimpleLog4JLogSystem initialized using logfile 'velocity.log'
2021-05-06 21:08:09,167 - ************************************************************** 
2021-05-06 21:08:09,167 - Starting Jakarta Velocity v1.4
2021-05-06 21:08:09,167 - RuntimeInstance initializing.
2021-05-06 21:08:09,167 - Default Properties File: org\apache\velocity\runtime\defaults\velocity.properties
2021-05-06 21:08:09,167 - Trying to use logger class org.apache.velocity.runtime.log.SimpleLog4JLogSystem
2021-05-06 21:08:09,167 - Using logger class org.apache.velocity.runtime.log.SimpleLog4JLogSystem
2021-05-06 21:08:09,169 - Default ResourceManager initializing. (class org.apache.velocity.runtime.resource.ResourceManagerImpl)
2021-05-06 21:08:09,171 - Resource Loader Instantiated: org.apache.velocity.runtime.resource.loader.ClasspathResourceLoader
2021-05-06 21:08:09,171 - ClasspathResourceLoader : initialization starting.
2021-05-06 21:08:09,171 - ClasspathResourceLoader : initialization complete.
2021-05-06 21:08:09,172 - ResourceCache : initialized. (class org.apache.velocity.runtime.resource.ResourceCacheImpl)
2021-05-06 21:08:09,172 - Default ResourceManager initialization complete.
2021-05-06 21:08:09,174 - Loaded System Directive: org.apache.velocity.runtime.directive.Literal
2021-05-06 21:08:09,175 - Loaded System Directive: org.apache.velocity.runtime.directive.Macro
2021-05-06 21:08:09,176 - Loaded System Directive: org.apache.velocity.runtime.directive.Parse
2021-05-06 21:08:09,178 - Loaded System Directive: org.apache.velocity.runtime.directive.Include
2021-05-06 21:08:09,179 - Loaded System Directive: org.apache.velocity.runtime.directive.Foreach
2021-05-06 21:08:09,198 - Created: 20 parsers.
2021-05-06 21:08:09,203 - Velocimacro : initialization starting.
2021-05-06 21:08:09,203 - Velocimacro : adding VMs from VM library template : VM_global_library.vm
2021-05-06 21:08:09,206 - ResourceManager : unable to find resource 'VM_global_library.vm' in any resource loader.
2021-05-06 21:08:09,206 - Velocimacro : error using  VM library template VM_global_library.vm : org.apache.velocity.exception.ResourceNotFoundException: Unable to find resource 'VM_global_library.vm'
2021-05-06 21:08:09,206 - Velocimacro :  VM library template macro registration complete.
2021-05-06 21:08:09,206 - Velocimacro : allowInline = true : VMs can be defined inline in templates
2021-05-06 21:08:09,206 - Velocimacro : allowInlineToOverride = false : VMs defined inline may NOT replace previous VM definitions
2021-05-06 21:08:09,206 - Velocimacro : allowInlineLocal = false : VMs defined inline will be  global in scope if allowed.
2021-05-06 21:08:09,206 - Velocimacro : messages on  : VM system will output logging messages
2021-05-06 21:08:09,206 - Velocimacro : autoload off  : VM system will not automatically reload global library macros
2021-05-06 21:08:09,206 - Velocimacro : initialization complete.
2021-05-06 21:08:09,206 - Velocity successfully started.
2021-05-06 22:50:28,363 - ResourceManager : found repast/simphony/scenario/Scenario.vt with loader org.apache.velocity.runtime.resource.loader.ClasspathResourceLoader
2021-05-06 22:51:34,987 - SimpleLog4JLogSystem initialized using logfile 'velocity.log'
2021-05-06 22:51:34,988 - ************************************************************** 
2021-05-06 22:51:34,988 - Starting Jakarta Velocity v1.4
2021-05-06 22:51:34,988 - RuntimeInstance initializing.
2021-05-06 22:51:34,988 - Default Properties File: org\apache\velocity\runtime\defaults\velocity.properties
2021-05-06 22:51:34,988 - Trying to use logger class org.apache.velocity.runtime.log.SimpleLog4JLogSystem
2021-05-06 22:51:34,988 - Using logger class org.apache.velocity.runtime.log.SimpleLog4JLogSystem
2021-05-06 22:51:34,990 - Default ResourceManager initializing. (class org.apache.velocity.runtime.resource.ResourceManagerImpl)
2021-05-06 22:51:34,992 - Resource Loader Instantiated: org.apache.velocity.runtime.resource.loader.ClasspathResourceLoader
2021-05-06 22:51:34,992 - ClasspathResourceLoader : initialization starting.
2021-05-06 22:51:34,992 - ClasspathResourceLoader : initialization complete.
2021-05-06 22:51:34,993 - ResourceCache : initialized. (class org.apache.velocity.runtime.resource.ResourceCacheImpl)
2021-05-06 22:51:34,993 - Default ResourceManager initialization complete.
2021-05-06 22:51:34,995 - Loaded System Directive: org.apache.velocity.runtime.directive.Literal
2021-05-06 22:51:34,996 - Loaded System Directive: org.apache.velocity.runtime.directive.Macro
2021-05-06 22:51:34,998 - Loaded System Directive: org.apache.velocity.runtime.directive.Parse
2021-05-06 22:51:34,999 - Loaded System Directive: org.apache.velocity.runtime.directive.Include
2021-05-06 22:51:35,000 - Loaded System Directive: org.apache.velocity.runtime.directive.Foreach
2021-05-06 22:51:35,007 - SimpleLog4JLogSystem initialized using logfile 'velocity.log'
2021-05-06 22:51:35,007 - ************************************************************** 
2021-05-06 22:51:35,007 - Starting Jakarta Velocity v1.4
2021-05-06 22:51:35,007 - RuntimeInstance initializing.
2021-05-06 22:51:35,007 - Default Properties File: org\apache\velocity\runtime\defaults\velocity.properties
2021-05-06 22:51:35,007 - Trying to use logger class org.apache.velocity.runtime.log.SimpleLog4JLogSystem
2021-05-06 22:51:35,007 - Using logger class org.apache.velocity.runtime.log.SimpleLog4JLogSystem
2021-05-06 22:51:35,010 - Default ResourceManager initializing. (class org.apache.velocity.runtime.resource.ResourceManagerImpl)
2021-05-06 22:51:35,012 - Resource Loader Instantiated: org.apache.velocity.runtime.resource.loader.ClasspathResourceLoader
2021-05-06 22:51:35,012 - ClasspathResourceLoader : initialization starting.
2021-05-06 22:51:35,012 - ClasspathResourceLoader : initialization complete.
2021-05-06 22:51:35,013 - ResourceCache : initialized. (class org.apache.velocity.runtime.resource.ResourceCacheImpl)
2021-05-06 22:51:35,013 - Default ResourceManager initialization complete.
2021-05-06 22:51:35,015 - Loaded System Directive: org.apache.velocity.runtime.directive.Literal
2021-05-06 22:51:35,016 - Loaded System Directive: org.apache.velocity.runtime.directive.Macro
2021-05-06 22:51:35,018 - Loaded System Directive: org.apache.velocity.runtime.directive.Parse
2021-05-06 22:51:35,019 - Loaded System Directive: org.apache.velocity.runtime.directive.Include
2021-05-06 22:51:35,020 - Loaded System Directive: org.apache.velocity.runtime.directive.Foreach
2021-05-06 22:51:35,020 - Created: 20 parsers.
2021-05-06 22:51:35,026 - Velocimacro : initialization starting.
2021-05-06 22:51:35,026 - Velocimacro : adding VMs from VM library template : VM_global_library.vm
2021-05-06 22:51:35,030 - ResourceManager : unable to find resource 'VM_global_library.vm' in any resource loader.
2021-05-06 22:51:35,030 - Velocimacro : error using  VM library template VM_global_library.vm : org.apache.velocity.exception.ResourceNotFoundException: Unable to find resource 'VM_global_library.vm'
2021-05-06 22:51:35,030 - Velocimacro :  VM library template macro registration complete.
2021-05-06 22:51:35,030 - Velocimacro : allowInline = true : VMs can be defined inline in templates
2021-05-06 22:51:35,030 - Velocimacro : allowInlineToOverride = false : VMs defined inline may NOT replace previous VM definitions
2021-05-06 22:51:35,030 - Velocimacro : allowInlineLocal = false : VMs defined inline will be  global in scope if allowed.
2021-05-06 22:51:35,030 - Velocimacro : messages on  : VM system will output logging messages
2021-05-06 22:51:35,030 - Velocimacro : autoload off  : VM system will not automatically reload global library macros
2021-05-06 22:51:35,030 - Velocimacro : initialization complete.
2021-05-06 22:51:35,031 - Velocity successfully started.
2021-05-06 22:51:35,041 - Created: 20 parsers.
2021-05-06 22:51:35,048 - Velocimacro : initialization starting.
2021-05-06 22:51:35,048 - Velocimacro : adding VMs from VM library template : VM_global_library.vm
2021-05-06 22:51:35,052 - ResourceManager : unable to find resource 'VM_global_library.vm' in any resource loader.
2021-05-06 22:51:35,053 - Velocimacro : error using  VM library template VM_global_library.vm : org.apache.velocity.exception.ResourceNotFoundException: Unable to find resource 'VM_global_library.vm'
2021-05-06 22:51:35,053 - Velocimacro :  VM library template macro registration complete.
2021-05-06 22:51:35,053 - Velocimacro : allowInline = true : VMs can be defined inline in templates
2021-05-06 22:51:35,053 - Velocimacro : allowInlineToOverride = false : VMs defined inline may NOT replace previous VM definitions
2021-05-06 22:51:35,053 - Velocimacro : allowInlineLocal = false : VMs defined inline will be  global in scope if allowed.
2021-05-06 22:51:35,053 - Velocimacro : messages on  : VM system will output logging messages
2021-05-06 22:51:35,053 - Velocimacro : autoload off  : VM system will not automatically reload global library macros
2021-05-06 22:51:35,053 - Velocimacro : initialization complete.
2021-05-06 22:51:35,053 - Velocity successfully started.
2021-05-06 22:51:41,476 - SimpleLog4JLogSystem initialized using logfile 'velocity.log'
2021-05-06 22:51:41,476 - ************************************************************** 
2021-05-06 22:51:41,476 - Starting Jakarta Velocity v1.4
2021-05-06 22:51:41,476 - RuntimeInstance initializing.
2021-05-06 22:51:41,476 - Default Properties File: org\apache\velocity\runtime\defaults\velocity.properties
2021-05-06 22:51:41,476 - Trying to use logger class org.apache.velocity.runtime.log.SimpleLog4JLogSystem
2021-05-06 22:51:41,477 - Using logger class org.apache.velocity.runtime.log.SimpleLog4JLogSystem
2021-05-06 22:51:41,481 - Default ResourceManager initializing. (class org.apache.velocity.runtime.resource.ResourceManagerImpl)
2021-05-06 22:51:41,484 - Resource Loader Instantiated: org.apache.velocity.runtime.resource.loader.ClasspathResourceLoader
2021-05-06 22:51:41,484 - ClasspathResourceLoader : initialization starting.
2021-05-06 22:51:41,484 - ClasspathResourceLoader : initialization complete.
2021-05-06 22:51:41,486 - ResourceCache : initialized. (class org.apache.velocity.runtime.resource.ResourceCacheImpl)
2021-05-06 22:51:41,486 - Default ResourceManager initialization complete.
2021-05-06 22:51:41,488 - Loaded System Directive: org.apache.velocity.runtime.directive.Literal
2021-05-06 22:51:41,489 - Loaded System Directive: org.apache.velocity.runtime.directive.Macro
2021-05-06 22:51:41,491 - Loaded System Directive: org.apache.velocity.runtime.directive.Parse
2021-05-06 22:51:41,493 - Loaded System Directive: org.apache.velocity.runtime.directive.Include
2021-05-06 22:51:41,494 - Loaded System Directive: org.apache.velocity.runtime.directive.Foreach
2021-05-06 22:51:41,519 - Created: 20 parsers.
2021-05-06 22:51:41,525 - Velocimacro : initialization starting.
2021-05-06 22:51:41,525 - Velocimacro : adding VMs from VM library template : VM_global_library.vm
2021-05-06 22:51:41,528 - ResourceManager : unable to find resource 'VM_global_library.vm' in any resource loader.
2021-05-06 22:51:41,528 - Velocimacro : error using  VM library template VM_global_library.vm : org.apache.velocity.exception.ResourceNotFoundException: Unable to find resource 'VM_global_library.vm'
2021-05-06 22:51:41,528 - Velocimacro :  VM library template macro registration complete.
2021-05-06 22:51:41,528 - Velocimacro : allowInline = true : VMs can be defined inline in templates
2021-05-06 22:51:41,528 - Velocimacro : allowInlineToOverride = false : VMs defined inline may NOT replace previous VM definitions
2021-05-06 22:51:41,528 - Velocimacro : allowInlineLocal = false : VMs defined inline will be  global in scope if allowed.
2021-05-06 22:51:41,528 - Velocimacro : messages on  : VM system will output logging messages
2021-05-06 22:51:41,528 - Velocimacro : autoload off  : VM system will not automatically reload global library macros
2021-05-06 22:51:41,528 - Velocimacro : initialization complete.
2021-05-06 22:51:41,528 - Velocity successfully started.
2021-05-06 22:51:57,352 - SimpleLog4JLogSystem initialized using logfile 'velocity.log'
2021-05-06 22:51:57,353 - ************************************************************** 
2021-05-06 22:51:57,353 - Starting Jakarta Velocity v1.4
2021-05-06 22:51:57,353 - RuntimeInstance initializing.
2021-05-06 22:51:57,353 - Default Properties File: org\apache\velocity\runtime\defaults\velocity.properties
2021-05-06 22:51:57,353 - Trying to use logger class org.apache.velocity.runtime.log.SimpleLog4JLogSystem
2021-05-06 22:51:57,353 - Using logger class org.apache.velocity.runtime.log.SimpleLog4JLogSystem
2021-05-06 22:51:57,355 - Default ResourceManager initializing. (class org.apache.velocity.runtime.resource.ResourceManagerImpl)
2021-05-06 22:51:57,357 - Resource Loader Instantiated: org.apache.velocity.runtime.resource.loader.ClasspathResourceLoader
2021-05-06 22:51:57,357 - ClasspathResourceLoader : initialization starting.
2021-05-06 22:51:57,357 - ClasspathResourceLoader : initialization complete.
2021-05-06 22:51:57,359 - ResourceCache : initialized. (class org.apache.velocity.runtime.resource.ResourceCacheImpl)
2021-05-06 22:51:57,360 - Default ResourceManager initialization complete.
2021-05-06 22:51:57,363 - Loaded System Directive: org.apache.velocity.runtime.directive.Literal
2021-05-06 22:51:57,365 - Loaded System Directive: org.apache.velocity.runtime.directive.Macro
2021-05-06 22:51:57,369 - Loaded System Directive: org.apache.velocity.runtime.directive.Parse
2021-05-06 22:51:57,372 - Loaded System Directive: org.apache.velocity.runtime.directive.Include
2021-05-06 22:51:57,373 - Loaded System Directive: org.apache.velocity.runtime.directive.Foreach
2021-05-06 22:51:57,392 - Created: 20 parsers.
2021-05-06 22:51:57,398 - Velocimacro : initialization starting.
2021-05-06 22:51:57,398 - Velocimacro : adding VMs from VM library template : VM_global_library.vm
2021-05-06 22:51:57,401 - ResourceManager : unable to find resource 'VM_global_library.vm' in any resource loader.
2021-05-06 22:51:57,401 - Velocimacro : error using  VM library template VM_global_library.vm : org.apache.velocity.exception.ResourceNotFoundException: Unable to find resource 'VM_global_library.vm'
2021-05-06 22:51:57,401 - Velocimacro :  VM library template macro registration complete.
2021-05-06 22:51:57,401 - Velocimacro : allowInline = true : VMs can be defined inline in templates
2021-05-06 22:51:57,401 - Velocimacro : allowInlineToOverride = false : VMs defined inline may NOT replace previous VM definitions
2021-05-06 22:51:57,401 - Velocimacro : allowInlineLocal = false : VMs defined inline will be  global in scope if allowed.
2021-05-06 22:51:57,401 - Velocimacro : messages on  : VM system will output logging messages
2021-05-06 22:51:57,401 - Velocimacro : autoload off  : VM system will not automatically reload global library macros
2021-05-06 22:51:57,401 - Velocimacro : initialization complete.
2021-05-06 22:51:57,401 - Velocity successfully started.
2021-05-07 17:12:26,245 - SimpleLog4JLogSystem initialized using logfile 'velocity.log'
2021-05-07 17:12:26,245 - ************************************************************** 
2021-05-07 17:12:26,245 - Starting Jakarta Velocity v1.4
2021-05-07 17:12:26,245 - RuntimeInstance initializing.
2021-05-07 17:12:26,245 - Default Properties File: org\apache\velocity\runtime\defaults\velocity.properties
2021-05-07 17:12:26,245 - Trying to use logger class org.apache.velocity.runtime.log.SimpleLog4JLogSystem
2021-05-07 17:12:26,245 - Using logger class org.apache.velocity.runtime.log.SimpleLog4JLogSystem
2021-05-07 17:12:26,247 - Default ResourceManager initializing. (class org.apache.velocity.runtime.resource.ResourceManagerImpl)
2021-05-07 17:12:26,249 - Resource Loader Instantiated: org.apache.velocity.runtime.resource.loader.ClasspathResourceLoader
2021-05-07 17:12:26,249 - ClasspathResourceLoader : initialization starting.
2021-05-07 17:12:26,249 - ClasspathResourceLoader : initialization complete.
2021-05-07 17:12:26,250 - ResourceCache : initialized. (class org.apache.velocity.runtime.resource.ResourceCacheImpl)
2021-05-07 17:12:26,250 - Default ResourceManager initialization complete.
2021-05-07 17:12:26,252 - Loaded System Directive: org.apache.velocity.runtime.directive.Literal
2021-05-07 17:12:26,254 - Loaded System Directive: org.apache.velocity.runtime.directive.Macro
2021-05-07 17:12:26,256 - Loaded System Directive: org.apache.velocity.runtime.directive.Parse
2021-05-07 17:12:26,257 - Loaded System Directive: org.apache.velocity.runtime.directive.Include
2021-05-07 17:12:26,258 - Loaded System Directive: org.apache.velocity.runtime.directive.Foreach
2021-05-07 17:12:26,281 - Created: 20 parsers.
2021-05-07 17:12:26,286 - Velocimacro : initialization starting.
2021-05-07 17:12:26,286 - Velocimacro : adding VMs from VM library template : VM_global_library.vm
2021-05-07 17:12:26,289 - ResourceManager : unable to find resource 'VM_global_library.vm' in any resource loader.
2021-05-07 17:12:26,289 - Velocimacro : error using  VM library template VM_global_library.vm : org.apache.velocity.exception.ResourceNotFoundException: Unable to find resource 'VM_global_library.vm'
2021-05-07 17:12:26,289 - Velocimacro :  VM library template macro registration complete.
2021-05-07 17:12:26,290 - Velocimacro : allowInline = true : VMs can be defined inline in templates
2021-05-07 17:12:26,290 - Velocimacro : allowInlineToOverride = false : VMs defined inline may NOT replace previous VM definitions
2021-05-07 17:12:26,290 - Velocimacro : allowInlineLocal = false : VMs defined inline will be  global in scope if allowed.
2021-05-07 17:12:26,290 - Velocimacro : messages on  : VM system will output logging messages
2021-05-07 17:12:26,290 - Velocimacro : autoload off  : VM system will not automatically reload global library macros
2021-05-07 17:12:26,290 - Velocimacro : initialization complete.
2021-05-07 17:12:26,290 - Velocity successfully started.
2021-05-08 09:55:08,556 - SimpleLog4JLogSystem initialized using logfile 'velocity.log'
2021-05-08 09:55:08,556 - ************************************************************** 
2021-05-08 09:55:08,556 - Starting Jakarta Velocity v1.4
2021-05-08 09:55:08,556 - RuntimeInstance initializing.
2021-05-08 09:55:08,556 - Default Properties File: org\apache\velocity\runtime\defaults\velocity.properties
2021-05-08 09:55:08,556 - Trying to use logger class org.apache.velocity.runtime.log.SimpleLog4JLogSystem
2021-05-08 09:55:08,556 - Using logger class org.apache.velocity.runtime.log.SimpleLog4JLogSystem
2021-05-08 09:55:08,559 - Default ResourceManager initializing. (class org.apache.velocity.runtime.resource.ResourceManagerImpl)
2021-05-08 09:55:08,561 - Resource Loader Instantiated: org.apache.velocity.runtime.resource.loader.ClasspathResourceLoader
2021-05-08 09:55:08,561 - ClasspathResourceLoader : initialization starting.
2021-05-08 09:55:08,561 - ClasspathResourceLoader : initialization complete.
2021-05-08 09:55:08,562 - ResourceCache : initialized. (class org.apache.velocity.runtime.resource.ResourceCacheImpl)
2021-05-08 09:55:08,562 - Default ResourceManager initialization complete.
2021-05-08 09:55:08,564 - Loaded System Directive: org.apache.velocity.runtime.directive.Literal
2021-05-08 09:55:08,565 - Loaded System Directive: org.apache.velocity.runtime.directive.Macro
2021-05-08 09:55:08,567 - Loaded System Directive: org.apache.velocity.runtime.directive.Parse
2021-05-08 09:55:08,568 - Loaded System Directive: org.apache.velocity.runtime.directive.Include
2021-05-08 09:55:08,569 - Loaded System Directive: org.apache.velocity.runtime.directive.Foreach
2021-05-08 09:55:08,590 - Created: 20 parsers.
2021-05-08 09:55:08,596 - Velocimacro : initialization starting.
2021-05-08 09:55:08,596 - Velocimacro : adding VMs from VM library template : VM_global_library.vm
2021-05-08 09:55:08,600 - ResourceManager : unable to find resource 'VM_global_library.vm' in any resource loader.
2021-05-08 09:55:08,600 - Velocimacro : error using  VM library template VM_global_library.vm : org.apache.velocity.exception.ResourceNotFoundException: Unable to find resource 'VM_global_library.vm'
2021-05-08 09:55:08,600 - Velocimacro :  VM library template macro registration complete.
2021-05-08 09:55:08,600 - Velocimacro : allowInline = true : VMs can be defined inline in templates
2021-05-08 09:55:08,600 - Velocimacro : allowInlineToOverride = false : VMs defined inline may NOT replace previous VM definitions
2021-05-08 09:55:08,600 - Velocimacro : allowInlineLocal = false : VMs defined inline will be  global in scope if allowed.
2021-05-08 09:55:08,600 - Velocimacro : messages on  : VM system will output logging messages
2021-05-08 09:55:08,600 - Velocimacro : autoload off  : VM system will not automatically reload global library macros
2021-05-08 09:55:08,600 - Velocimacro : initialization complete.
2021-05-08 09:55:08,600 - Velocity successfully started.
2021-05-08 09:55:49,485 - SimpleLog4JLogSystem initialized using logfile 'velocity.log'
2021-05-08 09:55:49,486 - ************************************************************** 
2021-05-08 09:55:49,486 - Starting Jakarta Velocity v1.4
2021-05-08 09:55:49,486 - RuntimeInstance initializing.
2021-05-08 09:55:49,486 - Default Properties File: org\apache\velocity\runtime\defaults\velocity.properties
2021-05-08 09:55:49,486 - Trying to use logger class org.apache.velocity.runtime.log.SimpleLog4JLogSystem
2021-05-08 09:55:49,486 - Using logger class org.apache.velocity.runtime.log.SimpleLog4JLogSystem
2021-05-08 09:55:49,493 - Default ResourceManager initializing. (class org.apache.velocity.runtime.resource.ResourceManagerImpl)
2021-05-08 09:55:49,498 - Resource Loader Instantiated: org.apache.velocity.runtime.resource.loader.ClasspathResourceLoader
2021-05-08 09:55:49,499 - ClasspathResourceLoader : initialization starting.
2021-05-08 09:55:49,499 - ClasspathResourceLoader : initialization complete.
2021-05-08 09:55:49,502 - ResourceCache : initialized. (class org.apache.velocity.runtime.resource.ResourceCacheImpl)
2021-05-08 09:55:49,502 - Default ResourceManager initialization complete.
2021-05-08 09:55:49,503 - Loaded System Directive: org.apache.velocity.runtime.directive.Literal
2021-05-08 09:55:49,504 - Loaded System Directive: org.apache.velocity.runtime.directive.Macro
2021-05-08 09:55:49,506 - Loaded System Directive: org.apache.velocity.runtime.directive.Parse
2021-05-08 09:55:49,507 - Loaded System Directive: org.apache.velocity.runtime.directive.Include
2021-05-08 09:55:49,508 - Loaded System Directive: org.apache.velocity.runtime.directive.Foreach
2021-05-08 09:55:49,527 - Created: 20 parsers.
2021-05-08 09:55:49,532 - Velocimacro : initialization starting.
2021-05-08 09:55:49,532 - Velocimacro : adding VMs from VM library template : VM_global_library.vm
2021-05-08 09:55:49,535 - ResourceManager : unable to find resource 'VM_global_library.vm' in any resource loader.
2021-05-08 09:55:49,535 - Velocimacro : error using  VM library template VM_global_library.vm : org.apache.velocity.exception.ResourceNotFoundException: Unable to find resource 'VM_global_library.vm'
2021-05-08 09:55:49,535 - Velocimacro :  VM library template macro registration complete.
2021-05-08 09:55:49,535 - Velocimacro : allowInline = true : VMs can be defined inline in templates
2021-05-08 09:55:49,535 - Velocimacro : allowInlineToOverride = false : VMs defined inline may NOT replace previous VM definitions
2021-05-08 09:55:49,536 - Velocimacro : allowInlineLocal = false : VMs defined inline will be  global in scope if allowed.
2021-05-08 09:55:49,536 - Velocimacro : messages on  : VM system will output logging messages
2021-05-08 09:55:49,536 - Velocimacro : autoload off  : VM system will not automatically reload global library macros
2021-05-08 09:55:49,536 - Velocimacro : initialization complete.
2021-05-08 09:55:49,536 - Velocity successfully started.
2021-05-08 15:17:56,159 - SimpleLog4JLogSystem initialized using logfile 'velocity.log'
2021-05-08 15:17:56,160 - ************************************************************** 
2021-05-08 15:17:56,160 - Starting Jakarta Velocity v1.4
2021-05-08 15:17:56,160 - RuntimeInstance initializing.
2021-05-08 15:17:56,160 - Default Properties File: org\apache\velocity\runtime\defaults\velocity.properties
2021-05-08 15:17:56,160 - Trying to use logger class org.apache.velocity.runtime.log.SimpleLog4JLogSystem
2021-05-08 15:17:56,160 - Using logger class org.apache.velocity.runtime.log.SimpleLog4JLogSystem
2021-05-08 15:17:56,162 - Default ResourceManager initializing. (class org.apache.velocity.runtime.resource.ResourceManagerImpl)
2021-05-08 15:17:56,164 - Resource Loader Instantiated: org.apache.velocity.runtime.resource.loader.ClasspathResourceLoader
2021-05-08 15:17:56,164 - ClasspathResourceLoader : initialization starting.
2021-05-08 15:17:56,164 - ClasspathResourceLoader : initialization complete.
2021-05-08 15:17:56,165 - ResourceCache : initialized. (class org.apache.velocity.runtime.resource.ResourceCacheImpl)
2021-05-08 15:17:56,165 - Default ResourceManager initialization complete.
2021-05-08 15:17:56,166 - Loaded System Directive: org.apache.velocity.runtime.directive.Literal
2021-05-08 15:17:56,168 - Loaded System Directive: org.apache.velocity.runtime.directive.Macro
2021-05-08 15:17:56,169 - Loaded System Directive: org.apache.velocity.runtime.directive.Parse
2021-05-08 15:17:56,171 - Loaded System Directive: org.apache.velocity.runtime.directive.Include
2021-05-08 15:17:56,171 - Loaded System Directive: org.apache.velocity.runtime.directive.Foreach
2021-05-08 15:17:56,191 - Created: 20 parsers.
2021-05-08 15:17:56,196 - Velocimacro : initialization starting.
2021-05-08 15:17:56,196 - Velocimacro : adding VMs from VM library template : VM_global_library.vm
2021-05-08 15:17:56,199 - ResourceManager : unable to find resource 'VM_global_library.vm' in any resource loader.
2021-05-08 15:17:56,199 - Velocimacro : error using  VM library template VM_global_library.vm : org.apache.velocity.exception.ResourceNotFoundException: Unable to find resource 'VM_global_library.vm'
2021-05-08 15:17:56,199 - Velocimacro :  VM library template macro registration complete.
2021-05-08 15:17:56,199 - Velocimacro : allowInline = true : VMs can be defined inline in templates
2021-05-08 15:17:56,199 - Velocimacro : allowInlineToOverride = false : VMs defined inline may NOT replace previous VM definitions
2021-05-08 15:17:56,199 - Velocimacro : allowInlineLocal = false : VMs defined inline will be  global in scope if allowed.
2021-05-08 15:17:56,199 - Velocimacro : messages on  : VM system will output logging messages
2021-05-08 15:17:56,199 - Velocimacro : autoload off  : VM system will not automatically reload global library macros
2021-05-08 15:17:56,199 - Velocimacro : initialization complete.
2021-05-08 15:17:56,199 - Velocity successfully started.
